2022-11-11 02:03:20,798:INFO:Initializing load_model()
2022-11-11 02:03:20,798:INFO:load_model(model_name=LR Model Aula 5 062022, platform=None, authentication=None, verbose=True)
2022-11-11 02:04:47,228:INFO:Initializing load_model()
2022-11-11 02:04:47,228:INFO:load_model(model_name=LR Model Aula 5 062022, platform=None, authentication=None, verbose=True)
2022-11-11 02:18:34,152:INFO:Initializing load_model()
2022-11-11 02:18:34,153:INFO:load_model(model_name=LR Model Aula 5 062022, platform=None, authentication=None, verbose=True)
2022-11-11 02:25:17,470:INFO:Initializing load_model()
2022-11-11 02:25:17,470:INFO:load_model(model_name=LR Model Aula 5 062022, platform=None, authentication=None, verbose=True)
2022-11-11 02:42:42,600:INFO:Initializing load_model()
2022-11-11 02:42:42,601:INFO:load_model(model_name=LR Model Aula 5 062022, platform=None, authentication=None, verbose=True)
2022-11-11 02:43:15,630:INFO:Initializing load_model()
2022-11-11 02:43:15,630:INFO:load_model(model_name=LR Model Aula 5 062022, platform=None, authentication=None, verbose=True)
2022-11-11 02:56:00,320:INFO:Initializing load_model()
2022-11-11 02:56:00,321:INFO:load_model(model_name=LR Model Aula 5 062022, platform=None, authentication=None, verbose=True)
2022-11-11 03:10:12,577:INFO:Initializing load_model()
2022-11-11 03:10:12,577:INFO:load_model(model_name=LR Model Aula 5 062022, platform=None, authentication=None, verbose=True)
2022-11-11 03:14:00,264:INFO:Initializing load_model()
2022-11-11 03:14:00,265:INFO:load_model(model_name=LR Model Aula 5 062022, platform=None, authentication=None, verbose=True)
2022-11-11 03:17:22,479:INFO:Initializing load_model()
2022-11-11 03:17:22,479:INFO:load_model(model_name=LR Model Aula 5 062022, platform=None, authentication=None, verbose=True)
2022-11-11 03:20:27,042:INFO:Initializing load_model()
2022-11-11 03:20:27,042:INFO:load_model(model_name=LR Model Aula 5 062022, platform=None, authentication=None, verbose=True)
2022-11-11 03:38:55,915:INFO:Initializing load_model()
2022-11-11 03:38:55,915:INFO:load_model(model_name=ProfCientistaDados m38_supportmaterial05 LR Model 062022, platform=None, authentication=None, verbose=True)
2022-11-11 03:40:02,747:INFO:Initializing load_model()
2022-11-11 03:40:02,748:INFO:load_model(model_name=ProfCientistaDados m38_supportmaterial05 LR Model 062022(1), platform=None, authentication=None, verbose=True)
2022-11-11 03:41:19,185:INFO:Initializing load_model()
2022-11-11 03:41:19,186:INFO:load_model(model_name=LR Model Aula 062022, platform=None, authentication=None, verbose=True)
2022-11-11 03:44:25,047:INFO:Initializing load_model()
2022-11-11 03:44:25,048:INFO:load_model(model_name=LR Model Aula 062022, platform=None, authentication=None, verbose=True)
2022-11-11 03:46:32,956:INFO:Initializing load_model()
2022-11-11 03:46:32,956:INFO:load_model(model_name=LR Model Aula 062022, platform=None, authentication=None, verbose=True)
2022-11-11 03:46:41,224:INFO:Initializing load_model()
2022-11-11 03:46:41,224:INFO:load_model(model_name=LR Model Aula 062022, platform=None, authentication=None, verbose=True)
2022-11-11 03:47:09,022:INFO:Initializing load_model()
2022-11-11 03:47:09,023:INFO:load_model(model_name=LR Model Aula 5 062022, platform=None, authentication=None, verbose=True)
2022-11-11 03:48:30,861:INFO:Initializing load_model()
2022-11-11 03:48:30,862:INFO:load_model(model_name=ProfCientistaDados m38_supportmaterial05 LR Model 062022, platform=None, authentication=None, verbose=True)
2022-11-11 03:48:31,017:INFO:Initializing predict_model()
2022-11-11 03:48:31,019:INFO:predict_model(estimator=Pipeline(steps=[('dtypes',
                 DataTypes_Auto_infer(ml_usecase='classification',
                                      target='mau')),
                ('imputer',
                 Simple_Imputer(categorical_strategy='not_available',
                                fill_value_categorical=None,
                                fill_value_numerical=None,
                                numeric_strategy='mean',
                                target_variable=None)),
                ('new_levels1',
                 New_Catagorical_Levels_in_TestData(replacement_strategy='least '
                                                                         'frequent',
                                                    target=...
                ('binn', 'passthrough'), ('rem_outliers', 'passthrough'),
                ('cluster_all', 'passthrough'),
                ('dummy', Dummify(target='mau')),
                ('fix_perfect', Remove_100(target='mau')),
                ('clean_names', Clean_Colum_Names()),
                ('feature_select', 'passthrough'), ('fix_multi', 'passthrough'),
                ('dfs', 'passthrough'), ('pca', 'passthrough'),
                ['trained_model',
                 LogisticRegression(max_iter=1000, random_state=1183)]]), probability_threshold=None, encoded_labels=False, drift_report=False, raw_score=False, round=4, verbose=True, ml_usecase=MLUsecase.CLASSIFICATION, display=None)
2022-11-11 03:48:31,019:INFO:Checking exceptions
2022-11-11 03:48:31,019:INFO:Preloading libraries
2022-11-11 03:49:55,473:INFO:Initializing load_model()
2022-11-11 03:49:55,474:INFO:load_model(model_name=ProfCientistaDados m38_supportmaterial05 LR Model 062022, platform=None, authentication=None, verbose=True)
2022-11-11 03:49:55,506:INFO:Initializing predict_model()
2022-11-11 03:49:55,506:INFO:predict_model(estimator=Pipeline(steps=[('dtypes',
                 DataTypes_Auto_infer(ml_usecase='classification',
                                      target='mau')),
                ('imputer',
                 Simple_Imputer(categorical_strategy='not_available',
                                fill_value_categorical=None,
                                fill_value_numerical=None,
                                numeric_strategy='mean',
                                target_variable=None)),
                ('new_levels1',
                 New_Catagorical_Levels_in_TestData(replacement_strategy='least '
                                                                         'frequent',
                                                    target=...
                ('binn', 'passthrough'), ('rem_outliers', 'passthrough'),
                ('cluster_all', 'passthrough'),
                ('dummy', Dummify(target='mau')),
                ('fix_perfect', Remove_100(target='mau')),
                ('clean_names', Clean_Colum_Names()),
                ('feature_select', 'passthrough'), ('fix_multi', 'passthrough'),
                ('dfs', 'passthrough'), ('pca', 'passthrough'),
                ['trained_model',
                 LogisticRegression(max_iter=1000, random_state=1183)]]), probability_threshold=None, encoded_labels=False, drift_report=False, raw_score=False, round=4, verbose=True, ml_usecase=MLUsecase.CLASSIFICATION, display=None)
2022-11-11 03:49:55,506:INFO:Checking exceptions
2022-11-11 03:49:55,507:INFO:Preloading libraries
2022-11-11 03:50:19,730:INFO:Initializing load_model()
2022-11-11 03:50:19,730:INFO:load_model(model_name=ProfCientistaDados m38_supportmaterial05 LR Model 062022, platform=None, authentication=None, verbose=True)
2022-11-11 03:50:19,762:INFO:Initializing predict_model()
2022-11-11 03:50:19,762:INFO:predict_model(estimator=Pipeline(steps=[('dtypes',
                 DataTypes_Auto_infer(ml_usecase='classification',
                                      target='mau')),
                ('imputer',
                 Simple_Imputer(categorical_strategy='not_available',
                                fill_value_categorical=None,
                                fill_value_numerical=None,
                                numeric_strategy='mean',
                                target_variable=None)),
                ('new_levels1',
                 New_Catagorical_Levels_in_TestData(replacement_strategy='least '
                                                                         'frequent',
                                                    target=...
                ('binn', 'passthrough'), ('rem_outliers', 'passthrough'),
                ('cluster_all', 'passthrough'),
                ('dummy', Dummify(target='mau')),
                ('fix_perfect', Remove_100(target='mau')),
                ('clean_names', Clean_Colum_Names()),
                ('feature_select', 'passthrough'), ('fix_multi', 'passthrough'),
                ('dfs', 'passthrough'), ('pca', 'passthrough'),
                ['trained_model',
                 LogisticRegression(max_iter=1000, random_state=1183)]]), probability_threshold=None, encoded_labels=False, drift_report=False, raw_score=False, round=4, verbose=True, ml_usecase=MLUsecase.CLASSIFICATION, display=None)
2022-11-11 03:50:19,762:INFO:Checking exceptions
2022-11-11 03:50:19,762:INFO:Preloading libraries
